c:\users\ksn_pc\c++projects\aaf_reaper\aaf_reader\build\aaf_reader.dir\release\csv_export.obj
c:\users\ksn_pc\c++projects\aaf_reaper\aaf_reader\build\aaf_reader.dir\release\media_utils.obj
c:\users\ksn_pc\c++projects\aaf_reaper\aaf_reader\build\aaf_reader.dir\release\aaf_parser.obj
c:\users\ksn_pc\c++projects\aaf_reaper\aaf_reader\build\aaf_reader.dir\release\aaf_utils.obj
c:\users\ksn_pc\c++projects\aaf_reaper\aaf_reader\build\aaf_reader.dir\release\main_new.obj
c:\users\ksn_pc\c++projects\aaf_reaper\aaf_reader\build\aaf_reader.dir\release\aaf_essence_parser.obj
c:\users\ksn_pc\c++projects\aaf_reaper\aaf_reader\build\aaf_reader.dir\release\debug_logger.obj
c:\users\ksn_pc\c++projects\aaf_reaper\aaf_reader\build\aaf_reader.dir\release\aaf_proper_parser.obj
c:\users\ksn_pc\c++projects\aaf_reaper\aaf_reader\build\cmakefiles\generate.stamp
c:\users\ksn_pc\c++projects\aaf_reaper\aaf_reader\build\release\aaf_reader.exe
c:\users\ksn_pc\c++projects\aaf_reaper\aaf_reader\build\aaf_reader.dir\release\aaf_reader.tlog\cl.command.1.tlog
c:\users\ksn_pc\c++projects\aaf_reaper\aaf_reader\build\aaf_reader.dir\release\aaf_reader.tlog\cl.items.tlog
c:\users\ksn_pc\c++projects\aaf_reaper\aaf_reader\build\aaf_reader.dir\release\aaf_reader.tlog\cl.read.1.tlog
c:\users\ksn_pc\c++projects\aaf_reaper\aaf_reader\build\aaf_reader.dir\release\aaf_reader.tlog\cl.write.1.tlog
c:\users\ksn_pc\c++projects\aaf_reaper\aaf_reader\build\aaf_reader.dir\release\aaf_reader.tlog\custombuild.command.1.tlog
c:\users\ksn_pc\c++projects\aaf_reaper\aaf_reader\build\aaf_reader.dir\release\aaf_reader.tlog\custombuild.read.1.tlog
c:\users\ksn_pc\c++projects\aaf_reaper\aaf_reader\build\aaf_reader.dir\release\aaf_reader.tlog\custombuild.write.1.tlog
c:\users\ksn_pc\c++projects\aaf_reaper\aaf_reader\build\aaf_reader.dir\release\aaf_reader.tlog\link-cvtres.read.1.tlog
c:\users\ksn_pc\c++projects\aaf_reaper\aaf_reader\build\aaf_reader.dir\release\aaf_reader.tlog\link-cvtres.write.1.tlog
c:\users\ksn_pc\c++projects\aaf_reaper\aaf_reader\build\aaf_reader.dir\release\aaf_reader.tlog\link-rc.read.1.tlog
c:\users\ksn_pc\c++projects\aaf_reaper\aaf_reader\build\aaf_reader.dir\release\aaf_reader.tlog\link-rc.write.1.tlog
c:\users\ksn_pc\c++projects\aaf_reaper\aaf_reader\build\aaf_reader.dir\release\aaf_reader.tlog\link.command.1.tlog
c:\users\ksn_pc\c++projects\aaf_reaper\aaf_reader\build\aaf_reader.dir\release\aaf_reader.tlog\link.read.1.tlog
c:\users\ksn_pc\c++projects\aaf_reaper\aaf_reader\build\aaf_reader.dir\release\aaf_reader.tlog\link.secondary.1.tlog
c:\users\ksn_pc\c++projects\aaf_reaper\aaf_reader\build\aaf_reader.dir\release\aaf_reader.tlog\link.write.1.tlog
